<?xml version="1.0" encoding="UTF-8"?>
<testsuite name="Cucumber" time="3.901" tests="2" skipped="0" failures="0" errors="0">
<testcase classname="Login functionality" name="User login with valid credential" time="2.199">
<system-out><![CDATA[
Given User access the SauceDemo login page..................................passed
When User input the registered username.....................................passed
And User input the registered password......................................passed
And User click the Login Button.............................................passed
Then User will be redirected to Products Page...............................passed
]]></system-out>
</testcase>
<testcase classname="Login functionality" name="User login with invalid credential" time="1.565">
<system-out><![CDATA[
Given User access the SauceDemo login page..................................passed
When User input the unregistered username...................................passed
And User input the unregistered password....................................passed
And User click the Login Button.............................................passed
Then Error message will be displayed........................................passed
]]></system-out>
</testcase>
</testsuite>
