<?xml version="1.0" encoding="UTF-8"?>
<testsuite name="Cucumber" time="2.459" tests="1" skipped="0" failures="0" errors="0">
<testcase classname="Logout functionality" name="User can logout from the website" time="2.324">
<system-out><![CDATA[
Given User already login with the registered account........................passed
When User click hamburger icon menu.........................................passed
And Sidebar menu will be displayed..........................................passed
And User click the logout button............................................passed
Then User will be redirected to login page..................................passed
]]></system-out>
</testcase>
</testsuite>
